{"name": "Проверка: с авторизацией заказ можно создать", "status": "failed", "statusDetails": {"message": "AssertionError: assert (200 == 200 and None == 'OK')\n +  where 200 = <Response [200]>.status_code", "trace": "self = <tests.test_create_order.TestCreateOrder object at 0x106138110>\ncreate_new_user_and_return_token = 'Bearer eyJhbGciOiJIUzI1NiIsInR5cCI6IkpXVCJ9.eyJpZCI6IjY2MGU4OGM2OWVkMjgwMDAxYjNkYTYxNSIsImlhdCI6MTcxMjIyODU1MCwiZXhwIjoxNzEyMjI5NzUwfQ.pLsYB37IYuy-sH_-cOtZTTRiOlA7BJgb-w31DzlsW7I'\n\n    @allure.title('Проверка: с авторизацией заказ можно создать')\n    @allure.description('Тест падает, тк структура ответа не соответствует той, что указана как «пример ответа» '\n                        'в документации API, хотя фактически приходит больше данных о заказе и ответ '\n                        'включает в себя образец, но содержит ещё много дополнительных ключей')\n    def test_create_order_success(self, create_new_user_and_return_token):\n        token = create_new_user_and_return_token\n        payload = build_random_order()\n        response = requests.post(URL.ORDERS, headers={'Authorization': token}, data=payload, timeout=10)\n        check_response = check_order_creation_response(response.json())\n>       assert response.status_code == 200 and check_response == \"OK\"\nE       AssertionError: assert (200 == 200 and None == 'OK')\nE        +  where 200 = <Response [200]>.status_code\n\ntests/test_create_order.py:45: AssertionError"}, "description": "Тест падает, тк структура ответа не соответствует той, что указана как «пример ответа» в документации API, хотя фактически приходит больше данных о заказе и ответ включает в себя образец, но содержит ещё много дополнительных ключей", "start": 1712228550260, "stop": 1712228551393, "uuid": "90c6e6dc-9377-4d6f-bc58-51c4a7c3c82d", "historyId": "7b9bc140a975b92e9e596688ac471b1d", "testCaseId": "7b9bc140a975b92e9e596688ac471b1d", "fullName": "tests.test_create_order.TestCreateOrder#test_create_order_success", "labels": [{"name": "parentSuite", "value": "tests"}, {"name": "suite", "value": "test_create_order"}, {"name": "subSuite", "value": "TestCreateOrder"}, {"name": "host", "value": "Olyas-MacBook-Air.local"}, {"name": "thread", "value": "48728-MainThread"}, {"name": "framework", "value": "pytest"}, {"name": "language", "value": "cpython3"}, {"name": "package", "value": "tests.test_create_order"}]}