{"name": "Проверка: при попытке создать заказ без авторизации вернётся ошибка 401", "status": "failed", "statusDetails": {"message": "AssertionError: assert 200 == 401\n +  where 200 = <Response [200]>.status_code", "trace": "self = <tests.test_create_order.TestCreateOrder object at 0x1061385f0>\n\n    @allure.title('Проверка: при попытке создать заказ без авторизации вернётся ошибка 401')\n    @allure.description('Баг: фактически можно создать заказ без авторизации')\n    def test_create_order_by_unauthorized_user_causes_error(self):\n        payload = build_random_order()\n        response = requests.post(URL.ORDERS, data=payload, timeout=10)\n>       assert response.status_code == 401\nE       assert 200 == 401\nE        +  where 200 = <Response [200]>.status_code\n\ntests/test_create_order.py:34: AssertionError"}, "description": "Баг: фактически можно создать заказ без авторизации", "start": 1712228549352, "stop": 1712228549725, "uuid": "45ae8569-7705-45ce-b2fa-733b3a07966c", "historyId": "04334f5e2d72859c724ecf2d6de9850d", "testCaseId": "04334f5e2d72859c724ecf2d6de9850d", "fullName": "tests.test_create_order.TestCreateOrder#test_create_order_by_unauthorized_user_causes_error", "labels": [{"name": "parentSuite", "value": "tests"}, {"name": "suite", "value": "test_create_order"}, {"name": "subSuite", "value": "TestCreateOrder"}, {"name": "host", "value": "Olyas-MacBook-Air.local"}, {"name": "thread", "value": "48728-MainThread"}, {"name": "framework", "value": "pytest"}, {"name": "language", "value": "cpython3"}, {"name": "package", "value": "tests.test_create_order"}]}